TN:
SF:script/DeployRaffle.s.sol
FN:11,DeployRaffle.run
FNDA:0,DeployRaffle.run
DA:12,0
FN:15,DeployRaffle.deployContract
FNDA:7,DeployRaffle.deployContract
DA:16,7
DA:19,7
DA:20,7
DA:21,7
DA:23,7
BRDA:23,0,0,7
DA:24,7
DA:25,7
DA:26,7
DA:30,7
DA:31,7
DA:38,7
DA:46,7
DA:47,7
DA:52,7
FNF:2
FNH:1
LF:15
LH:14
BRF:1
BRH:1
end_of_record
TN:
SF:script/HelperConfig.s.sol
FN:37,HelperConfig.
FNDA:7,HelperConfig.
DA:38,7
FN:41,HelperConfig.getConfigByChainId
FNDA:0,HelperConfig.getConfigByChainId
DA:44,14
BRDA:44,0,0,-
BRDA:44,0,1,-
DA:45,0
DA:46,14
BRDA:46,1,0,14
BRDA:46,1,1,-
DA:47,14
DA:49,0
FN:53,HelperConfig.getConfig
FNDA:14,HelperConfig.getConfig
DA:54,14
FN:57,HelperConfig.getSepoliaEthConfig
FNDA:7,HelperConfig.getSepoliaEthConfig
DA:58,7
FN:72,HelperConfig.getOrCreateAnvilEthConfig
FNDA:0,HelperConfig.getOrCreateAnvilEthConfig
DA:74,14
BRDA:74,2,0,7
DA:75,7
DA:78,7
DA:79,7
DA:84,7
DA:85,7
DA:87,7
DA:98,7
DA:99,7
FNF:5
FNH:3
LF:17
LH:15
BRF:5
BRH:2
end_of_record
TN:
SF:script/Interactions.s.sol
FN:30,CreateSubscription.createSubscriptionUsingConfig
FNDA:0,CreateSubscription.createSubscriptionUsingConfig
DA:31,0
DA:32,0
DA:33,0
DA:34,0
FN:38,CreateSubscription.createSubscription
FNDA:7,CreateSubscription.createSubscription
DA:42,7
DA:43,7
DA:44,7
DA:46,7
DA:47,7
DA:48,7
DA:51,7
FN:54,CreateSubscription.run
FNDA:0,CreateSubscription.run
FN:62,FundSubscription.fundSubscriptionUsingConfig
FNDA:0,FundSubscription.fundSubscriptionUsingConfig
DA:63,0
DA:64,0
DA:65,0
DA:66,0
DA:67,0
FN:70,FundSubscription.fundSubscription
FNDA:7,FundSubscription.fundSubscription
DA:75,7
DA:80,7
DA:81,7
BRDA:81,0,0,7
BRDA:81,0,1,-
DA:82,7
DA:83,7
DA:87,7
DA:89,0
DA:93,0
DA:98,0
DA:100,7
FN:103,FundSubscription.run
FNDA:0,FundSubscription.run
DA:104,0
FN:109,AddConsumer.addConsumerUsingConfig
FNDA:0,AddConsumer.addConsumerUsingConfig
DA:110,0
DA:111,0
DA:112,0
DA:113,0
FN:116,AddConsumer.addConsumer
FNDA:7,AddConsumer.addConsumer
DA:121,7
DA:122,7
DA:123,7
DA:128,7
DA:129,7
DA:133,7
FN:136,AddConsumer.run
FNDA:0,AddConsumer.run
DA:137,0
DA:139,0
FNF:9
FNH:3
LF:39
LH:20
BRF:2
BRH:1
end_of_record
TN:
SF:src/Raffle.sol
FN:70,Raffle.
FNDA:7,Raffle.
DA:78,7
DA:79,7
DA:80,7
DA:81,7
DA:82,7
DA:83,7
DA:84,7
FN:87,Raffle.enter
FNDA:6,Raffle.enter
DA:88,6
BRDA:88,0,0,1
DA:89,1
DA:92,5
BRDA:92,1,0,1
DA:93,1
DA:96,4
DA:97,4
FN:114,Raffle.checkUpkeep
FNDA:2,Raffle.checkUpkeep
DA:118,4
DA:119,4
DA:120,4
DA:121,4
DA:122,4
DA:123,4
FN:129,Raffle.performUpkeep
FNDA:2,Raffle.performUpkeep
DA:131,2
DA:132,2
BRDA:132,2,0,-
DA:133,0
DA:140,2
DA:141,2
DA:154,2
FN:158,Raffle.fulfillRandomWords
FNDA:0,Raffle.fulfillRandomWords
DA:162,0
DA:163,0
DA:164,0
DA:165,0
DA:166,0
DA:167,0
DA:168,0
DA:170,0
DA:171,0
BRDA:171,3,0,-
DA:172,0
FN:179,Raffle.getEntranceFee
FNDA:0,Raffle.getEntranceFee
DA:180,0
FN:183,Raffle.getRaffleState
FNDA:1,Raffle.getRaffleState
DA:184,1
FN:187,Raffle.getPlayer
FNDA:1,Raffle.getPlayer
DA:188,1
FNF:8
FNH:6
LF:38
LH:26
BRF:4
BRH:2
end_of_record
TN:
SF:test/mocks/LinkToken.sol
FN:19,LinkToken.
FNDA:7,LinkToken.
DA:20,7
FN:23,LinkToken.mint
FNDA:0,LinkToken.mint
DA:24,0
FN:40,LinkToken.transferAndCall
FNDA:0,LinkToken.transferAndCall
DA:45,0
DA:47,0
DA:48,0
BRDA:48,0,0,-
DA:49,0
DA:51,0
FN:56,LinkToken.contractFallback
FNDA:0,LinkToken.contractFallback
DA:61,0
DA:62,0
FN:65,LinkToken.isContract
FNDA:0,LinkToken.isContract
DA:66,0
DA:68,0
DA:70,0
FNF:5
FNH:1
LF:12
LH:1
BRF:1
BRH:0
end_of_record
